1562923823000	mozrunner::runner	INFO	Running command: "C:\\Program Files (x86)\\Mozilla Firefox\\firefox.exe" "-marionette" "-foreground" "-no-remote" "-profile" "C:\\Users\\vmezin\\AppData\\Local\\Temp\\rust_mozprofile.0c2oaqn0eXas"
1562923863503	mozrunner::runner	INFO	Running command: "C:\\Program Files (x86)\\Mozilla Firefox\\firefox.exe" "-marionette" "-foreground" "-no-remote" "-profile" "C:\\Users\\vmezin\\AppData\\Local\\Temp\\rust_mozprofile.qFPDXWQLDkMX"
1562923864790	addons.webextension.screenshots@mozilla.org	WARN	Loading extension 'screenshots@mozilla.org': Reading manifest: Invalid extension permission: mozillaAddons
1562923864790	addons.webextension.screenshots@mozilla.org	WARN	Loading extension 'screenshots@mozilla.org': Reading manifest: Invalid extension permission: telemetry
1562923864791	addons.webextension.screenshots@mozilla.org	WARN	Loading extension 'screenshots@mozilla.org': Reading manifest: Invalid extension permission: resource://pdf.js/
1562923864791	addons.webextension.screenshots@mozilla.org	WARN	Loading extension 'screenshots@mozilla.org': Reading manifest: Invalid extension permission: about:reader*
1562923873312	Marionette	INFO	Listening on port 60660
1562923873911	Marionette	WARN	TLS certificate errors will be ignored for this session
[Parent 7676, Gecko_IOThread] WARNING: pipe error: 109: file z:/task_1562356069/build/src/ipc/chromium/src/chrome/common/ipc_channel_win.cc, line 341
[Child 8028, Chrome_ChildThread] WARNING: pipe error: 109: file z:/task_1562356069/build/src/ipc/chromium/src/chrome/common/ipc_channel_win.cc, line 341
[Parent 7676, Gecko_IOThread] WARNING: file z:/task_1562356069/build/src/ipc/chromium/src/base/process_util_win.cc, line 160
[Child 8112, Chrome_ChildThread] WARNING: pipe error: 109: file z:/task_1562356069/build/src/ipc/chromium/src/chrome/common/ipc_channel_win.cc, line 341
[Child 8112, Chrome_ChildThread] WARNING: pipe error[Parent 7676, Gecko_IOThread] WARNING: pipe error: 109: file z:/task_1562356069/build/src/ipc/chromium/src/chrome/common/ipc_channel_win.cc, line 341
[Parent 7676, Gecko_IOThread] WARNING: file z:/task_1562356069/build/src/ipc/chromium/src/base/process_util_win.cc, line 160
1562923897328	Marionette	INFO	Stopped listening on port 60660
1562923909825	mozrunner::runner	INFO	Running command: "C:\\Program Files (x86)\\Mozilla Firefox\\firefox.exe" "-marionette" "-foreground" "-no-remote" "-profile" "C:\\Users\\vmezin\\AppData\\Local\\Temp\\rust_mozprofile.cto5dSaZSBPF"
1562923911428	addons.webextension.screenshots@mozilla.org	WARN	Loading extension 'screenshots@mozilla.org': Reading manifest: Invalid extension permission: mozillaAddons
1562923911428	addons.webextension.screenshots@mozilla.org	WARN	Loading extension 'screenshots@mozilla.org': Reading manifest: Invalid extension permission: telemetry
1562923911428	addons.webextension.screenshots@mozilla.org	WARN	Loading extension 'screenshots@mozilla.org': Reading manifest: Invalid extension permission: resource://pdf.js/
1562923911428	addons.webextension.screenshots@mozilla.org	WARN	Loading extension 'screenshots@mozilla.org': Reading manifest: Invalid extension permission: about:reader*
1562923915989	Marionette	INFO	Listening on port 60730
1562923916386	Marionette	WARN	TLS certificate errors will be ignored for this session
1562923919454	Marionette	INFO	Stopped listening on port 60730
[Parent 7844, Gecko_IOThread] WARNING: pipe error: 109: file z:/task_1562356069/build/src/ipc/chromium/src/chrome/common/ipc_channel_win.cc, line 341
[Child 7368, Chrome_ChildThread] WARNING: pipe error: 109: file z:/task_1562356069/build/src/ipc/chromium/src/chrome/common/ipc_channel_win.cc, line 341
[Child 7444, Chrome_ChildThread] WARNING: pipe error: 109: file z:/task_1562356069/build/src/ipc/chromium/src/chrome/common/ipc_channel_win.cc, line 341
[Parent 7844, Gecko_IOThread] WARNING: pipe error: 109: file z:/task_1562356069/build/src/ipc/chromium/src/chrome/common/ipc_channel_win.cc, line 341
[Child 948, Chrome_ChildThread] WARNING: pipe error: 109: file z:/task_1562356069/build/src/ipc/chromium/src/chrome/common/ipc_channel_win.cc, line 341
[Child 948, Chrome_ChildThread] WARNING: pipe error: 109: file z:/task_1562356069/build/src/ipc/chromium/src/chrome/common/ipc_channel_win.cc, line 341
1562936022432	mozrunner::runner	INFO	Running command: "C:\\Program Files (x86)\\Mozilla Firefox\\firefox.exe" "-marionette" "-foreground" "-no-remote" "-profile" "C:\\Users\\vmezin\\AppData\\Local\\Temp\\rust_mozprofile.B18kgClBVxfX"
1562936025573	addons.webextension.screenshots@mozilla.org	WARN	Loading extension 'screenshots@mozilla.org': Reading manifest: Invalid extension permission: mozillaAddons
1562936025573	addons.webextension.screenshots@mozilla.org	WARN	Loading extension 'screenshots@mozilla.org': Reading manifest: Invalid extension permission: telemetry
1562936025573	addons.webextension.screenshots@mozilla.org	WARN	Loading extension 'screenshots@mozilla.org': Reading manifest: Invalid extension permission: resource://pdf.js/
1562936025573	addons.webextension.screenshots@mozilla.org	WARN	Loading extension 'screenshots@mozilla.org': Reading manifest: Invalid extension permission: about:reader*
1562936034706	Marionette	INFO	Listening on port 61260
1562936035112	Marionette	WARN	TLS certificate errors will be ignored for this session
1562936042205	Marionette	INFO	Stopped listening on port 61260
[Parent 7212, Gecko_IOThread] WARNING: file z:/task_1562356069/build/src/ipc/chromium/src/base/process_util_win.cc, line 160
[Parent 7212, Gecko_IOThread] WARNING: pipe error: 109: file z:/task_1562356069/build/src/ipc/chromium/src/chrome/common/ipc_channel_win.cc, line 341
[Child 7880, Chrome_ChildThread] WARNING: pipe error: 109: file z:/task_1562356069/build/src/ipc/chromium/src/chrome/common/ipc_channel_win.cc, line 341

###!!! [Child][MessageChannel] Error: (msgtype=0x53000E,name=PHttpChannel::Msg_DeletingChannel) Channel closing: too late to send/recv, messages will be lost


###!!! [Child][MessageChannel] Error: (msgtype=0x53000E,name=PHttpChannel::Msg_DeletingChannel) Channel closing: too late to send/recv, messages will be lost


###!!! [Child][MessageChannel] Error: (msgtype=0x53000E,name=PHttpChannel::Msg_DeletingChannel) Channel closing: too late to send/recv, messages will be lost


###!!! [Child][MessageChannel] Error: (msgtype=0x53000E,name=PHttpChannel::Msg_DeletingChannel) Channel closing: too late to send/recv, messages will be lost


###!!! [Child][MessageChannel] Error: (msgtype=0x53000E,name=PHttpChannel::Msg_DeletingChannel) Channel closing: too late to send/recv, messages will be lost


###!!! [Child][MessageChannel] Error: (msgtype=0x53000E,name=PHttpChannel::Msg_DeletingChannel) Channel closing: too late to send/recv, messages will be lost


###!!! [Child][MessageChannel] Error: (msgtype=0x53000E,name=PHttpChannel::Msg_DeletingChannel) Channel closing: too late to send/recv, messages will be lost


###!!! [Child][MessageChannel] Error: (msgtype=0x53000E,name=PHttpChannel::Msg_DeletingChannel) Channel closing: too late to send/recv, messages will be lost


###!!! [Child][MessageChannel] Error: (msgtype=0x53000E,name=PHttpChannel::Msg_DeletingChannel) Channel closing: too late to send/recv, messages will be lost

[Child 3764, Chrome_ChildThread] WARNING: pipe error: 109: file z:/task_1562356069/build/src/ipc/chromium/src/chrome/common/ipc_channel_win.cc, line 341
1563187218128	mozrunner::runner	INFO	Running command: "C:\\Program Files (x86)\\Mozilla Firefox\\firefox.exe" "-marionette" "-foreground" "-no-remote" "-profile" "C:\\Users\\vmezin\\AppData\\Local\\Temp\\rust_mozprofile.UJ6COe33dxY4"
1563187218869	addons.webextension.screenshots@mozilla.org	WARN	Loading extension 'screenshots@mozilla.org': Reading manifest: Invalid extension permission: mozillaAddons
1563187218869	addons.webextension.screenshots@mozilla.org	WARN	Loading extension 'screenshots@mozilla.org': Reading manifest: Invalid extension permission: telemetry
1563187218869	addons.webextension.screenshots@mozilla.org	WARN	Loading extension 'screenshots@mozilla.org': Reading manifest: Invalid extension permission: resource://pdf.js/
1563187218869	addons.webextension.screenshots@mozilla.org	WARN	Loading extension 'screenshots@mozilla.org': Reading manifest: Invalid extension permission: about:reader*
1563187221476	Marionette	INFO	Listening on port 53218
1563187221524	Marionette	WARN	TLS certificate errors will be ignored for this session
[Parent 5244, Gecko_IOThread] WARNING: pipe error: 109: file z:/task_1562356069/build/src/ipc/chromium/src/chrome/common/ipc_channel_win.cc, line 341
[Child 8120, Chrome_ChildThread] WARNING: pipe error: 109: file z:/task_1562356069/build/src/ipc/chromium/src/chrome/common/ipc_channel_win.cc, line 341
[Child 6644, Chrome_ChildThread] WARNING: pipe error: 109: file z:/task_1562356069/build/src/ipc/chromium/src/chrome/common/ipc_channel_win.cc, line 341
[Child 8132, Chrome_ChildThread] WARNING: pipe error: 109: file z:/task_1562356069/build/src/ipc/chromium/src/chrome/common/ipc_channel_win.cc, line 341
[Child 8132, Chrome_ChildThread] WARNING: pipe error: 109: file z:/task_1562356069/build/src/ipc/chromium/src/chrome/common/ipc_channel_win.cc, line 341
[Parent 5244, Gecko_IOThread] WARNING: file z:/task_1562356069/build/src/ipc/chromium/src/base/process_util_win.cc, line 160
1563187229516	Marionette	INFO	Stopped listening on port 53218
1563187248176	mozrunner::runner	INFO	Running command: "C:\\Program Files (x86)\\Mozilla Firefox\\firefox.exe" "-marionette" "-foreground" "-no-remote" "-profile" "C:\\Users\\vmezin\\AppData\\Local\\Temp\\rust_mozprofile.bQuUk7Dz1e8Y"
1563187248728	addons.webextension.screenshots@mozilla.org	WARN	Loading extension 'screenshots@mozilla.org': Reading manifest: Invalid extension permission: mozillaAddons
1563187248728	addons.webextension.screenshots@mozilla.org	WARN	Loading extension 'screenshots@mozilla.org': Reading manifest: Invalid extension permission: telemetry
1563187248728	addons.webextension.screenshots@mozilla.org	WARN	Loading extension 'screenshots@mozilla.org': Reading manifest: Invalid extension permission: resource://pdf.js/
1563187248728	addons.webextension.screenshots@mozilla.org	WARN	Loading extension 'screenshots@mozilla.org': Reading manifest: Invalid extension permission: about:reader*
1563187251156	Marionette	INFO	Listening on port 53264
1563187251386	Marionette	WARN	TLS certificate errors will be ignored for this session
1563187263326	Marionette	INFO	Stopped listening on port 53264
[Child 1564, Chrome_ChildThread] WARNING: pipe error: 109: file z:/task_1562356069/build/src/ipc/chromium/src/chrome/common/ipc_channel_win.cc, line 341
[Child 1564, Chrome_ChildThread] WARNING: pipe error: 109: file z:/task_1562356069/build/src/ipc/chromium/src/chrome/common/ipc_channel_win.cc, line 341
[Child 7800, Chrome_ChildThread] WARNING: pipe error: 109: file z:/task_1562356069/build/src/ipc/chromium/src/chrome/common/ipc_channel_win.cc, line 341
[Child 7800, Chrome_ChildThread] WARNING: pipe error: 109: file z:/task_1562356069/build/src/ipc/chromium/src/chrome/common/ipc_channel_win.cc, line 341
1563188999285	mozrunner::runner	INFO	Running command: "C:\\Program Files (x86)\\Mozilla Firefox\\firefox.exe" "-marionette" "-foreground" "-no-remote" "-profile" "C:\\Users\\vmezin\\AppData\\Local\\Temp\\rust_mozprofile.S1d2sP0enOf2"
1563189000574	addons.webextension.screenshots@mozilla.org	WARN	Loading extension 'screenshots@mozilla.org': Reading manifest: Invalid extension permission: mozillaAddons
1563189000574	addons.webextension.screenshots@mozilla.org	WARN	Loading extension 'screenshots@mozilla.org': Reading manifest: Invalid extension permission: telemetry
1563189000575	addons.webextension.screenshots@mozilla.org	WARN	Loading extension 'screenshots@mozilla.org': Reading manifest: Invalid extension permission: resource://pdf.js/
1563189000575	addons.webextension.screenshots@mozilla.org	WARN	Loading extension 'screenshots@mozilla.org': Reading manifest: Invalid extension permission: about:reader*
1563189003367	Marionette	INFO	Listening on port 53501
1563189003660	Marionette	WARN	TLS certificate errors will be ignored for this session
[Child 6516, Chrome_ChildThread] WARNING: pipe error: 232: file z:/task_1562356069/build/src/ipc/chromium/src/chrome/common/ipc_channel_win.cc, line 502
[Child 6516, Chrome_ChildThread] WARNING: pipe error: 109: file z:/task_1562356069/build/src/ipc/chromium/src/chrome/common/ipc_channel_win.cc, line 341
[Child 7676, Chrome_ChildThread] WARNING: pipe error: 109: file z:/task_1562356069/build/src/ipc/chromium/src/chrome/common/ipc_channel_win.cc, line 341
[Child 7676, Chrome_ChildThread] WARNING: pipe error: 109: file z:/task_1562356069/build/src/ipc/chromium/src/chrome/common/ipc_c
###!!! [Child][RunMessage] Error: Channel closing: too late to send/recv, messages will be lost

[Child 6516, Chrome_ChildThread] WARNING: pipe error: 109: file z:/task_1562356069/build/src/ipc/chromium/src/chrome/common/ipc_channel_win.cc, line 341
[Child 7368, Chrome_ChildThread] WARNING: pipe error: 109: file z:/task_1562356069/build/src/ipc/chromium/src/chrome/common/ipc_channel_win.cc, line 341
[Child 7368, Chrome_ChildThread] WARNING: pipe error: 109: file z:/task_1562356069/build/src/ipc/chromium/src/chrome/common/ipc_channel_win.cc, line 341
1563189012037	Marionette	INFO	Stopped listening on port 53501
1563189121417	mozrunner::runner	INFO	Running command: "C:\\Program Files (x86)\\Mozilla Firefox\\firefox.exe" "-marionette" "-foreground" "-no-remote" "-profile" "C:\\Users\\vmezin\\AppData\\Local\\Temp\\rust_mozprofile.LCzY8nnUX825"
1563189122484	addons.webextension.screenshots@mozilla.org	WARN	Loading extension 'screenshots@mozilla.org': Reading manifest: Invalid extension permission: mozillaAddons
1563189122485	addons.webextension.screenshots@mozilla.org	WARN	Loading extension 'screenshots@mozilla.org': Reading manifest: Invalid extension permission: telemetry
1563189122485	addons.webextension.screenshots@mozilla.org	WARN	Loading extension 'screenshots@mozilla.org': Reading manifest: Invalid extension permission: resource://pdf.js/
1563189122485	addons.webextension.screenshots@mozilla.org	WARN	Loading extension 'screenshots@mozilla.org': Reading manifest: Invalid extension permission: about:reader*
1563189125522	Marionette	INFO	Listening on port 53546
1563189125790	Marionette	WARN	TLS certificate errors will be ignored for this session
1563189139969	Marionette	INFO	Stopped listening on port 53546
[Child 6864, Chrome_ChildThread] WARNING: pipe error: 109: file z:/task_1562356069/build/src/ipc/chromium/src/chrome/common/ipc_channel_win.cc, line 341
[Child 6864, Chrome_ChildThread] WARNING: pipe error: 109: f[Child 1940, Chrome_ChildThread] WARNING: pipe error: 109: file z:/task_1562356069/build/src/ipc/chromium/src/chrome/common/ipc_channel_win.cc, line 341
[Child 1940, Chrome_ChildThread] WARNING: pipe error: 109: file z:/task_1562356069/build/src/ipc/chromium/src/chrome/common/ipc_channel_win.cc, line 341
1563189170541	mozrunner::runner	INFO	Running command: "C:\\Program Files (x86)\\Mozilla Firefox\\firefox.exe" "-marionette" "-foreground" "-no-remote" "-profile" "C:\\Users\\vmezin\\AppData\\Local\\Temp\\rust_mozprofile.9IxXDbsP1XgJ"
1563189171534	addons.webextension.screenshots@mozilla.org	WARN	Loading extension 'screenshots@mozilla.org': Reading manifest: Invalid extension permission: mozillaAddons
1563189171534	addons.webextension.screenshots@mozilla.org	WARN	Loading extension 'screenshots@mozilla.org': Reading manifest: Invalid extension permission: telemetry
1563189171534	addons.webextension.screenshots@mozilla.org	WARN	Loading extension 'screenshots@mozilla.org': Reading manifest: Invalid extension permission: resource://pdf.js/
1563189171534	addons.webextension.screenshots@mozilla.org	WARN	Loading extension 'screenshots@mozilla.org': Reading manifest: Invalid extension permission: about:reader*
1563189174315	Marionette	INFO	Listening on port 53593
1563189174359	Marionette	WARN	TLS certificate errors will be ignored for this session
1563189191659	Marionette	INFO	Stopped listening on port 53593
[Child 6196, Chrome_ChildThread] WARNING: pipe error: 109: file z:/task_1562356069/build/src/ipc/chromium/src/chrome/common/ipc_channel_win.cc, line 341
[Child 6196, Chrome_ChildThread] WARNING: pipe error: 109: file z:/task_1562356069/build/src/ipc/chromium/src/chrome/common/ipc_channel_win.cc, line 341
[Parent 7824, Gecko_IOThread] WARNING: file z:/task_1562356069/build/src/ipc/chromium/src/base/process_util_win.cc, line 160
1563192752061	mozrunner::runner	INFO	Running command: "C:\\Program Files (x86)\\Mozilla Firefox\\firefox.exe" "-marionette" "-foreground" "-no-remote" "-profile" "C:\\Users\\vmezin\\AppData\\Local\\Temp\\rust_mozprofile.PZVSQIBnS5kS"
1563192753156	addons.webextension.screenshots@mozilla.org	WARN	Loading extension 'screenshots@mozilla.org': Reading manifest: Invalid extension permission: mozillaAddons
1563192753156	addons.webextension.screenshots@mozilla.org	WARN	Loading extension 'screenshots@mozilla.org': Reading manifest: Invalid extension permission: telemetry
1563192753156	addons.webextension.screenshots@mozilla.org	WARN	Loading extension 'screenshots@mozilla.org': Reading manifest: Invalid extension permission: resource://pdf.js/
1563192753156	addons.webextension.screenshots@mozilla.org	WARN	Loading extension 'screenshots@mozilla.org': Reading manifest: Invalid extension permission: about:reader*
1563192756045	Marionette	INFO	Listening on port 53812
1563192756362	Marionette	WARN	TLS certificate errors will be ignored for this session
1563192766868	Marionette	INFO	Stopped listening on port 53812
[Child 7320, Chrome_ChildThread] WARNING: pipe error: 109: file z:/task_1562356069/build/src/ipc/chromium/src/chrome/common/ipc_channel_win.cc, line 341
[Child 7320, Chrome_ChildThread] WARNING: pipe error: 109: file z:/task_1562356069/build/src/ipc/chromium/src/chrome/common/ipc_channel_win.cc, line 341
[Child 3988, Chrome_ChildThread] WARNING: pipe error: 109: file z:/task_1562356069/build/src/ipc/chromium/src/chrome/common/ipc_channel_win.cc, line 341
[Child 1564, Chrome_ChildThread] WARNING: pipe error: 109: file z:/task_1562356069/build/src/ipc/chromium/src/chrome/common/ipc_channel_win.cc, line 341
[Child 1564, Chrome_ChildThread] WARNING: pipe error: 109: file z:/task_1562356069/build/src/ipc/chromium/src/chrome/common/ipc_channel_win.cc, line 341
1563192894814	mozrunner::runner	INFO	Running command: "C:\\Program Files (x86)\\Mozilla Firefox\\firefox.exe" "-marionette" "-foreground" "-no-remote" "-profile" "C:\\Users\\vmezin\\AppData\\Local\\Temp\\rust_mozprofile.RACX41Qpybwf"
1563192895598	addons.webextension.screenshots@mozilla.org	WARN	Loading extension 'screenshots@mozilla.org': Reading manifest: Invalid extension permission: mozillaAddons
1563192895598	addons.webextension.screenshots@mozilla.org	WARN	Loading extension 'screenshots@mozilla.org': Reading manifest: Invalid extension permission: telemetry
1563192895599	addons.webextension.screenshots@mozilla.org	WARN	Loading extension 'screenshots@mozilla.org': Reading manifest: Invalid extension permission: resource://pdf.js/
1563192895599	addons.webextension.screenshots@mozilla.org	WARN	Loading extension 'screenshots@mozilla.org': Reading manifest: Invalid extension permission: about:reader*
1563192898371	Marionette	INFO	Listening on port 54002
1563192898747	Marionette	WARN	TLS certificate errors will be ignored for this session
1563192918833	Marionette	INFO	Stopped listening on port 54002
[Child 5956, Chrome_ChildThread] WARNING: pipe error: 109: file z:/task_1562356069/build/src/ipc/chromium/src/chrome/common/ipc_channel_win.cc, line 341
[Child 572, Chrome_ChildThread] WARNING: pipe error: 109: file z:/task_1562356069/build/src/ipc/chromium/src/chrome/common/ipc_channel_win.cc, line 341
[Child 572, Chrome_ChildThread] WARNING: pipe error: 109: file z:/task_1562356069/build/src/ipc/chromium/src/chrome/common/ipc_channel_win.cc, line 341
[Child 768, Chrome_ChildThread] WARNING: pipe error: 109: file z:/task_1562356069/build/src/ipc/chromium/src/chrome/common/ipc_channel_win.cc, line 341
[Child 768, Chrome_ChildThread] WARNING: pipe error: 109: file z:/task_1562356069/build/src/ipc/chromium/src/chrome/common/ipc_channel_win.cc, line 341
1563193446039	mozrunner::runner	INFO	Running command: "C:\\Program Files (x86)\\Mozilla Firefox\\firefox.exe" "-marionette" "-foreground" "-no-remote" "-profile" "C:\\Users\\vmezin\\AppData\\Local\\Temp\\rust_mozprofile.d0VvvYE0OkBQ"
1563193447157	addons.webextension.screenshots@mozilla.org	WARN	Loading extension 'screenshots@mozilla.org': Reading manifest: Invalid extension permission: mozillaAddons
1563193447157	addons.webextension.screenshots@mozilla.org	WARN	Loading extension 'screenshots@mozilla.org': Reading manifest: Invalid extension permission: telemetry
1563193447157	addons.webextension.screenshots@mozilla.org	WARN	Loading extension 'screenshots@mozilla.org': Reading manifest: Invalid extension permission: resource://pdf.js/
1563193447157	addons.webextension.screenshots@mozilla.org	WARN	Loading extension 'screenshots@mozilla.org': Reading manifest: Invalid extension permission: about:reader*
1563193450268	Marionette	INFO	Listening on port 54105
1563193450426	Marionette	WARN	TLS certificate errors will be ignored for this session
1563193460836	Marionette	INFO	Stopped listening on port 54105
[Child 3832, Chrome_ChildThread] WARNING: pipe error: 109: file z:/task_1562356069/build/src/ipc/chromium/src/chrome/common/ipc_channel_win.cc, line 341
[Child 7492, Chrome_ChildThread] WARNING: pipe error: 109: file z:/task_1562356069/build/src/ipc/chromium/src/chrome/common/ipc_channel_win.cc, line 341
[Parent 6736, Gecko_IOThread] WARNING: file z:/task_1562356069/build/src/ipc/chromium/src/base/process_util_win.cc, line 160
[Child 4564, Chrome_ChildThread] WARNING: pipe error: 109: file z:/task_1562356069/build/src/ipc/chromium/src/chrome/common/ipc_channel_win.cc, line 341
[Child 4564, Chrome_ChildThread] WARNING: pipe error: 109: file z:/task_1562356069/build/src/ipc/chromium/src/chrome/common/ipc_channel_win.cc, line 341
1563193951013	mozrunner::runner	INFO	Running command: "C:\\Program Files (x86)\\Mozilla Firefox\\firefox.exe" "-marionette" "-foreground" "-no-remote" "-profile" "C:\\Users\\vmezin\\AppData\\Local\\Temp\\rust_mozprofile.zvpuEN6Q2Dm0"
1563193952224	addons.webextension.screenshots@mozilla.org	WARN	Loading extension 'screenshots@mozilla.org': Reading manifest: Invalid extension permission: mozillaAddons
1563193952224	addons.webextension.screenshots@mozilla.org	WARN	Loading extension 'screenshots@mozilla.org': Reading manifest: Invalid extension permission: telemetry
1563193952225	addons.webextension.screenshots@mozilla.org	WARN	Loading extension 'screenshots@mozilla.org': Reading manifest: Invalid extension permission: resource://pdf.js/
1563193952225	addons.webextension.screenshots@mozilla.org	WARN	Loading extension 'screenshots@mozilla.org': Reading manifest: Invalid extension permission: about:reader*
1563193955169	Marionette	INFO	Listening on port 54182
1563193955330	Marionette	WARN	TLS certificate errors will be ignored for this session
console.error: BroadcastService: 
  receivedBroadcastMessage: handler for
  remote-settings/monitor_changes
  threw error:
  Message: Error: Polling for changes failed: http://%(server)s/dummy/blocklist//buckets/monitor/collections/changes/records?_expected=%221563186751969%22 is not a valid URL..
  Stack:
    remoteSettingsFunction/remoteSettings.pollChanges@resource://services-settings/remote-settings.js:201:13

[Parent 5476, Gecko_IOThread] WARNING: pipe error: 109: file z:/task_1562356069/build/src/ipc/chromium/src/chrome/common/ipc_channel_win.cc, line 341
[Parent 5476, Gecko_IOThread] WARNING: pipe error: 109: file z:/task_1562356069/build/src/ipc/chromium/src/chrome/common/ipc_channel_win.cc, line 341
[Child 6584, Chrome_ChildThread] WARNING: pipe error: 109: file z:/task_1562356069/build/src/ipc/chromium/src/chrome/common/ipc_channel_win.cc, line 341
[Child 6584, Chrome_ChildThread] WARNING: pipe error: 109: file z:/task_1562356069/build/src/ipc/chromium/src/chrome/common/ipc_channel_win.cc, line 341
[Child 7760, Chrome_ChildThread] WARNING: pipe error: 109: file z:/task_1562356069/build/src/ipc/chromium/src/chrome/common/ipc_channel_win.cc, line 341
[Parent 5476, Gecko_IOThread] WARNING: pipe error: 109: file z:/task_1562356069/build/src/ipc/chromium/src/chrome/common/ipc_channel_win.cc, line 341
[Child 7384, Chrome_ChildThread] WARNING: pipe error: 109: file z:/task_1562356069/build/src/ipc/chromium/src/chrome/common/ipc_channel_win.cc, line 341
[Child 7384, Chrome_ChildThread] WARNING: pipe error: 109: file z:/task_1562356069/build/src/ipc/chromium/src/chrome/common/ipc_channel_win.cc, line 341
1563194564323	Marionette	INFO	Stopped listening on port 54182
1563195286076	mozrunner::runner	INFO	Running command: "C:\\Program Files (x86)\\Mozilla Firefox\\firefox.exe" "-marionette" "-foreground" "-no-remote" "-profile" "C:\\Users\\vmezin\\AppData\\Local\\Temp\\rust_mozprofile.5XrG4KCTi82D"
1563195287193	addons.webextension.screenshots@mozilla.org	WARN	Loading extension 'screenshots@mozilla.org': Reading manifest: Invalid extension permission: mozillaAddons
1563195287194	addons.webextension.screenshots@mozilla.org	WARN	Loading extension 'screenshots@mozilla.org': Reading manifest: Invalid extension permission: telemetry
1563195287194	addons.webextension.screenshots@mozilla.org	WARN	Loading extension 'screenshots@mozilla.org': Reading manifest: Invalid extension permission: resource://pdf.js/
1563195287194	addons.webextension.screenshots@mozilla.org	WARN	Loading extension 'screenshots@mozilla.org': Reading manifest: Invalid extension permission: about:reader*
1563195290040	Marionette	INFO	Listening on port 54311
1563195290447	Marionette	WARN	TLS certificate errors will be ignored for this session
1563195300413	Marionette	INFO	Stopped listening on port 54311
[Child 7568, Chrome_ChildThread] WARNING: pipe error: 109: file z:/task_1562356069/build/src/ipc/chromium/src/chrome/common/ipc_channel_win.cc, line 341
[Child 7568, Chrome_ChildThread] WARNING: pipe error: 109: file z:/task_1562356069/build/src/ipc/chromium/src/chrome/common/ipc_channel_win.cc, line 341
[Child 5428, Chrome_ChildThread] WARNING: pipe error: 109: file z:/task_1562356069/build/src/ipc/chromium/src/chrome/common/ipc_channel_win.cc, line 341
[Child 5428, Chrome_ChildThread] WARNING: pipe error: 109: file z:/task_1562356069/build/src/ipc/chromium/src/chrome/common/ipc_channel_win.cc, line 341
1563195306655	mozrunner::runner	INFO	Running command: "C:\\Program Files (x86)\\Mozilla Firefox\\firefox.exe" "-marionette" "-foreground" "-no-remote" "-profile" "C:\\Users\\vmezin\\AppData\\Local\\Temp\\rust_mozprofile.sTUKlLVx6yhK"
1563195307287	addons.webextension.screenshots@mozilla.org	WARN	Loading extension 'screenshots@mozilla.org': Reading manifest: Invalid extension permission: mozillaAddons
1563195307287	addons.webextension.screenshots@mozilla.org	WARN	Loading extension 'screenshots@mozilla.org': Reading manifest: Invalid extension permission: telemetry
1563195307287	addons.webextension.screenshots@mozilla.org	WARN	Loading extension 'screenshots@mozilla.org': Reading manifest: Invalid extension permission: resource://pdf.js/
1563195307287	addons.webextension.screenshots@mozilla.org	WARN	Loading extension 'screenshots@mozilla.org': Reading manifest: Invalid extension permission: about:reader*
1563195309579	Marionette	INFO	Listening on port 54356
1563195309920	Marionette	WARN	TLS certificate errors will be ignored for this session
1563195370328	mozrunner::runner	INFO	Running command: "C:\\Program Files (x86)\\Mozilla Firefox\\firefox.exe" "-marionette" "-foreground" "-no-remote" "-profile" "C:\\Users\\vmezin\\AppData\\Local\\Temp\\rust_mozprofile.viXONvxQQgA2"
1563195371226	addons.webextension.screenshots@mozilla.org	WARN	Loading extension 'screenshots@mozilla.org': Reading manifest: Invalid extension permission: mozillaAddons
1563195371226	addons.webextension.screenshots@mozilla.org	WARN	Loading extension 'screenshots@mozilla.org': Reading manifest: Invalid extension permission: telemetry
1563195371227	addons.webextension.screenshots@mozilla.org	WARN	Loading extension 'screenshots@mozilla.org': Reading manifest: Invalid extension permission: resource://pdf.js/
1563195371227	addons.webextension.screenshots@mozilla.org	WARN	Loading extension 'screenshots@mozilla.org': Reading manifest: Invalid extension permission: about:reader*
1563195374257	Marionette	INFO	Listening on port 54397
1563195374643	Marionette	WARN	TLS certificate errors will be ignored for this session
1563195385637	Marionette	INFO	Stopped listening on port 54397
[Child 7012, Chrome_ChildThread] WARNING: pipe error: 109: file z:/task_1562356069/build/src/ipc/chromium/src/chrome/common/ipc_channel_win.cc, line 341
[Child 7012, Chrome_ChildThread][Child 7004, Chrome_ChildThread] WARNING: pipe error: 109: file z:/task_1562356069/build/src/ipc/chromium/src/chrome/common/ipc_channel_win.cc, line 341
[Child 7004, Chrome_ChildThread] WARNING: pipe[Child 7248, Chrome_ChildThread] WARNING: pipe error: 109: file z:/task_1562356069/build/src/ipc/chromium/src/chrome/common/ipc_channel_win.cc, line 341
[Child 7248, Chrome_ChildThread] WARNING: pipe error: 109: file z:/task_1562356069/build/src/ipc/chromium/src/chrome/common/ipc_channel_win.cc, line 341
1563195416689	mozrunner::runner	INFO	Running command: "C:\\Program Files (x86)\\Mozilla Firefox\\firefox.exe" "-marionette" "-foreground" "-no-remote" "-profile" "C:\\Users\\vmezin\\AppData\\Local\\Temp\\rust_mozprofile.zcNQD80C42JI"
1563195417558	addons.webextension.screenshots@mozilla.org	WARN	Loading extension 'screenshots@mozilla.org': Reading manifest: Invalid extension permission: mozillaAddons
1563195417558	addons.webextension.screenshots@mozilla.org	WARN	Loading extension 'screenshots@mozilla.org': Reading manifest: Invalid extension permission: telemetry
1563195417558	addons.webextension.screenshots@mozilla.org	WARN	Loading extension 'screenshots@mozilla.org': Reading manifest: Invalid extension permission: resource://pdf.js/
1563195417558	addons.webextension.screenshots@mozilla.org	WARN	Loading extension 'screenshots@mozilla.org': Reading manifest: Invalid extension permission: about:reader*
1563195420516	Marionette	INFO	Listening on port 54443
1563195420994	Marionette	WARN	TLS certificate errors will be ignored for this session
1563195433215	Marionette	INFO	Stopped listening on port 54443
[Child 7236, Chrome_ChildThread] WARNING: pipe error: 109: file z:/task_1562356069/build/src/ipc/chromium/src/chrome/common/ipc_channel_win.cc, line 341
[Child 7236, Chrome_ChildThread] WARNING: pipe error: 109: file z:/task_1562356069/build/src/ipc/chromium/src/chrome/c[Chilommon/ipc_channel_win.cd c, 6584, Chrome_ChildThreadline 341] WARNING: pipe error: 109: file z:/task_1562356069/build/src/ipc/chromium/src/chrome/common/ipc_channel_win.cc, line 341
[Child 6584, [Child 7576, Chrome_ChildThread] WARNING: pipe error: 109: file z:/task_1562356069/build/src/ipc/chromium/src/chrome/common/ipc_channel_win.cc, line 341
[Child 7576, Chrome_ChildThread] WARNING: pipe error: 109: file z:/task_1562356069/build/src/ipc/chromium/src/chrome/common/ipc_channel_win.cc, line 341
1563195726031	mozrunner::runner	INFO	Running command: "C:\\Program Files (x86)\\Mozilla Firefox\\firefox.exe" "-marionette" "-foreground" "-no-remote" "-profile" "C:\\Users\\vmezin\\AppData\\Local\\Temp\\rust_mozprofile.0BoPQsjcYQ5g"
1563195727029	addons.webextension.screenshots@mozilla.org	WARN	Loading extension 'screenshots@mozilla.org': Reading manifest: Invalid extension permission: mozillaAddons
1563195727030	addons.webextension.screenshots@mozilla.org	WARN	Loading extension 'screenshots@mozilla.org': Reading manifest: Invalid extension permission: telemetry
1563195727030	addons.webextension.screenshots@mozilla.org	WARN	Loading extension 'screenshots@mozilla.org': Reading manifest: Invalid extension permission: resource://pdf.js/
1563195727030	addons.webextension.screenshots@mozilla.org	WARN	Loading extension 'screenshots@mozilla.org': Reading manifest: Invalid extension permission: about:reader*
1563195729723	Marionette	INFO	Listening on port 54519
1563195729843	Marionette	WARN	TLS certificate errors will be ignored for this session
console.error: BroadcastService: 
  receivedBroadcastMessage: handler for
  remote-settings/monitor_changes
  threw error:
  Message: Error: Polling for changes failed: http://%(server)s/dummy/blocklist//buckets/monitor/collections/changes/records?_expected=%221563186751969%22 is not a valid URL..
  Stack:
    remoteSettingsFunction/remoteSettings.pollChanges@resource://services-settings/remote-settings.js:201:13

1563195764741	Marionette	INFO	Stopped listening on port 54519
[Child 4236, Chrome_ChildThread] WARNING: pipe error: 109: file z:/task_1562356069/build/src/ipc/chromium/src/chrome/common/ipc_channel_win.cc, line 341
[Child 4236, Chrome_ChildThread] WARNING: pipe error: 109: file z:/task_1562356069/build/src/ipc/chromium/src/chrome/common/ipc_channel_win.cc, line 341
[Child 2704, Chrome_ChildThread] WARNING: pipe error: 109: file z:/task_1562356069/build/src/ipc/chromium/src/chrome/common/ipc_channel_win.cc, line 341
[Child 2704, Chrome_ChildThread] WARNING: pipe error: 109: file z:/task_1562356069/build/src/ipc/chromium/src/chrome/common/ipc_channel_win.cc, line 341
[Child 228, Chrome_ChildThread] WARNING: pipe error: 109: file z:/task_1562356069/build/src/ipc/chromium/src/chrome/common/ipc_channel_win.cc, line 341
[Child 228, Chrome_ChildThread] WARNING: pipe error: 109: file z:/task_1562356069/build/src/ipc/chromium/src/chrome/common/ipc_channel_win.cc, line 341
1563195796600	mozrunner::runner	INFO	Running command: "C:\\Program Files (x86)\\Mozilla Firefox\\firefox.exe" "-marionette" "-foreground" "-no-remote" "-profile" "C:\\Users\\vmezin\\AppData\\Local\\Temp\\rust_mozprofile.UdEP2suXXpe2"
1563195797588	addons.webextension.screenshots@mozilla.org	WARN	Loading extension 'screenshots@mozilla.org': Reading manifest: Invalid extension permission: mozillaAddons
1563195797588	addons.webextension.screenshots@mozilla.org	WARN	Loading extension 'screenshots@mozilla.org': Reading manifest: Invalid extension permission: telemetry
1563195797589	addons.webextension.screenshots@mozilla.org	WARN	Loading extension 'screenshots@mozilla.org': Reading manifest: Invalid extension permission: resource://pdf.js/
1563195797589	addons.webextension.screenshots@mozilla.org	WARN	Loading extension 'screenshots@mozilla.org': Reading manifest: Invalid extension permission: about:reader*
1563195800770	Marionette	INFO	Listening on port 54573
1563195800953	Marionette	WARN	TLS certificate errors will be ignored for this session
console.error: BroadcastService: 
  receivedBroadcastMessage: handler for
  remote-settings/monitor_changes
  threw error:
  Message: Error: Polling for changes failed: http://%(server)s/dummy/blocklist//buckets/monitor/collections/changes/records?_expected=%221563186751969%22 is not a valid URL..
  Stack:
    remoteSettingsFunction/remoteSettings.pollChanges@resource://services-settings/remote-settings.js:201:13

1563195855213	Marionette	INFO	Stopped listening on port 54573
[Child 6288, Chrome_ChildThread] WARNING: pipe error: 109: file z:/task_1562356069/build/src/ipc/chromium/src/chrome/common/ipc_channel_win.cc, line 341
[Child 6288, Chrome_ChildThread] WARNING: pipe error: 109: file z:/task_1562356069/build/src/ipc/chromium/src/chrome/common/ipc_channel_win.cc, line 341
1563196103289	mozrunner::runner	INFO	Running command: "C:\\Program Files (x86)\\Mozilla Firefox\\firefox.exe" "-marionette" "-foreground" "-no-remote" "-profile" "C:\\Users\\vmezin\\AppData\\Local\\Temp\\rust_mozprofile.Ridu0v989TZG"
1563196104569	addons.webextension.screenshots@mozilla.org	WARN	Loading extension 'screenshots@mozilla.org': Reading manifest: Invalid extension permission: mozillaAddons
1563196104569	addons.webextension.screenshots@mozilla.org	WARN	Loading extension 'screenshots@mozilla.org': Reading manifest: Invalid extension permission: telemetry
1563196104569	addons.webextension.screenshots@mozilla.org	WARN	Loading extension 'screenshots@mozilla.org': Reading manifest: Invalid extension permission: resource://pdf.js/
1563196104569	addons.webextension.screenshots@mozilla.org	WARN	Loading extension 'screenshots@mozilla.org': Reading manifest: Invalid extension permission: about:reader*
console.error: "Could not write session state file " (new Error("_initWorker called too early! Please read the session file from disk first.", "resource:///modules/sessionstore/SessionFile.jsm", 334)) "_initWorker/<@resource:///modules/sessionstore/SessionFile.jsm:334:15\n_initWorker@resource:///modules/sessionstore/SessionFile.jsm:327:12\n_postToWorker@resource:///modules/sessionstore/SessionFile.jsm:351:16\nwrite@resource:///modules/sessionstore/SessionFile.jsm:390:24\nwrite@resource:///modules/sessionstore/SessionFile.jsm:63:32\n_writeState@resource:///modules/sessionstore/SessionSaver.jsm:354:24\n_saveState@resource:///modules/sessionstore/SessionSaver.jsm:292:17\n_saveStateAsync@resource:///modules/sessionstore/SessionSaver.jsm:338:10\nsaveStateAsyncWhenIdle@resource:///modules/sessionstore/SessionSaver.jsm:189:14\ncallback@resource://gre/modules/Timer.jsm:100:7\n"
1563196110672	Marionette	INFO	Listening on port 54787
1563196111011	Marionette	WARN	TLS certificate errors will be ignored for this session
1563196125499	Marionette	INFO	Stopped listening on port 54787
[Parent 6400, Gecko_IOThread] WARNING: pipe error: 109: file z:/task_1562356069/build/src/ipc/chromium/src/chrome/common/ipc_channel_win.cc, line 341
[Child 1832, Chrome_[Child 4476, Chrome_ChildThread] WARNING: pipe error: 109: file z:/task_1562356069/build/src/ipc/chromium/src/chrome/common/ipc_channel_win.cc, line 341
[Child 4476, Chrome_ChildThread] WARNING: pipe error: 109: file z:/task_1562356069/build/src/ipc/chromium/src/chrome/common/ipc_channel_win.cc, line 341
[Child 5344, Chrome_ChildThread] WARNING: pipe error: 109: file z:/task_1562356069/build/src/ipc/chromium/src/chrome/common/ipc_channel_win.cc, line 341
[Child 5344, Chrome_ChildThread] WARNING: pipe error: 109: file z:/task_1562356069/build/src/ipc/chromium/src/chrome/common/ipc_channel_win.cc, line 341
1563196467033	mozrunner::runner	INFO	Running command: "C:\\Program Files (x86)\\Mozilla Firefox\\firefox.exe" "-marionette" "-foreground" "-no-remote" "-profile" "C:\\Users\\vmezin\\AppData\\Local\\Temp\\rust_mozprofile.FOzNMQN5hLEj"
1563196468626	addons.webextension.screenshots@mozilla.org	WARN	Loading extension 'screenshots@mozilla.org': Reading manifest: Invalid extension permission: mozillaAddons
1563196468627	addons.webextension.screenshots@mozilla.org	WARN	Loading extension 'screenshots@mozilla.org': Reading manifest: Invalid extension permission: telemetry
1563196468628	addons.webextension.screenshots@mozilla.org	WARN	Loading extension 'screenshots@mozilla.org': Reading manifest: Invalid extension permission: resource://pdf.js/
1563196468628	addons.webextension.screenshots@mozilla.org	WARN	Loading extension 'screenshots@mozilla.org': Reading manifest: Invalid extension permission: about:reader*
1563196471755	Marionette	INFO	Listening on port 54843
1563196471955	Marionette	WARN	TLS certificate errors will be ignored for this session
1563196485749	Marionette	INFO	Stopped listening on port 54843
[Child 7968, Chrome_ChildThread] WARNING: pipe error: 109: file z:/task_1562356069/build/src/ipc/chromium/src/chrome/common/ipc_channel_win.cc, line 341
[Child 7968, Chrome_ChildThread] WARNING: pipe error: 109: file z:/task_1562356069/build/src/ipc/chromium/src/chrome/common/ipc_channel_win.cc, line 341
[Child 7524, Chrome_ChildThread] WARNING: pipe error: 109: file z:/task_1562356069/build/src/ipc/chromium/src/chrome/common/ipc_channel_win.cc, line 341
[Parent 464, Gecko_IOThread] WARNING: pipe error: 109: file z:/task_1562356069/build/src/ipc/chromium/src/chrome/common/ipc_channel_win.cc, line 341
1563196612150	mozrunner::runner	INFO	Running command: "C:\\Program Files (x86)\\Mozilla Firefox\\firefox.exe" "-marionette" "-foreground" "-no-remote" "-profile" "C:\\Users\\vmezin\\AppData\\Local\\Temp\\rust_mozprofile.AMi4U8tUfOcg"
1563196612846	addons.webextension.screenshots@mozilla.org	WARN	Loading extension 'screenshots@mozilla.org': Reading manifest: Invalid extension permission: mozillaAddons
1563196612846	addons.webextension.screenshots@mozilla.org	WARN	Loading extension 'screenshots@mozilla.org': Reading manifest: Invalid extension permission: telemetry
1563196612846	addons.webextension.screenshots@mozilla.org	WARN	Loading extension 'screenshots@mozilla.org': Reading manifest: Invalid extension permission: resource://pdf.js/
1563196612846	addons.webextension.screenshots@mozilla.org	WARN	Loading extension 'screenshots@mozilla.org': Reading manifest: Invalid extension permission: about:reader*
1563196616300	Marionette	INFO	Listening on port 54894
1563196616504	Marionette	WARN	TLS certificate errors will be ignored for this session
1563196627047	Marionette	INFO	Stopped listening on port 54894
[Child 3632, Chrome_ChildThread] WARNING: pipe error: 109: file z:/task_1562356069/build/src/ipc/chromium/src/chrome/common/ipc_channel_win.cc, line 341
[Child 8132, Chrome_ChildThread] WARNING: pipe error: 109: file z:/task_1562356069/build/src/ipc/chromium/src/chrome/common/ipc_channel_win.cc, line 341
[Child 8132, Chrome_ChildThread] WARNING: pipe error: 109: file z:/task_1562356069/build/src/ipc/chromium/src/chrome/common/ipc_channel_win.cc[Child 7340, Chrome_ChildThread] WARNING: pipe error: 109: file z:/task_1562356069/build/src/ipc/chromium/src/chrome/common/ipc_channel_win.cc, line 341
[Child 7340, Chrome_ChildThread] WARNING: pipe error: 109: file z:/task_1562356069/build/src/ipc/chromium/src/chrome/common/ipc_channel_win.cc, line 341
1563196932194	mozrunner::runner	INFO	Running command: "C:\\Program Files (x86)\\Mozilla Firefox\\firefox.exe" "-marionette" "-foreground" "-no-remote" "-profile" "C:\\Users\\vmezin\\AppData\\Local\\Temp\\rust_mozprofile.jXT16LpbGvMI"
1563196934608	addons.webextension.screenshots@mozilla.org	WARN	Loading extension 'screenshots@mozilla.org': Reading manifest: Invalid extension permission: mozillaAddons
1563196934608	addons.webextension.screenshots@mozilla.org	WARN	Loading extension 'screenshots@mozilla.org': Reading manifest: Invalid extension permission: telemetry
1563196934609	addons.webextension.screenshots@mozilla.org	WARN	Loading extension 'screenshots@mozilla.org': Reading manifest: Invalid extension permission: resource://pdf.js/
1563196934609	addons.webextension.screenshots@mozilla.org	WARN	Loading extension 'screenshots@mozilla.org': Reading manifest: Invalid extension permission: about:reader*
1563196938944	Marionette	INFO	Listening on port 54961
1563196938973	Marionette	WARN	TLS certificate errors will be ignored for this session
1563196949709	Marionette	INFO	Stopped listening on port 54961
[Child 4664, Chrome_ChildThread] WARNING: pipe error: 109: file z:/task_1562356069/build/src/ipc/chromium/src/chrome/common/ipc_channel_win.cc, line 341
[Child 4664, Chrome_ChildThread] WARNING: pipe error: 109: file z:/task_1562356069/build/src/[Child 3672, Chrome_ChildThread] WARNING: pipe error: 109: file z:/task_1562356069/build/src/ipc/chromium/src/chrome/common/ipc_channel_win.cc, line 341
[Child 3672, Chrome_ChildThread] WARNING: pipe er[Parent 7316, Gecko_IOThread] WARNING: pipe error: 109: file z:/task_1562356069/build/src/ipc/chromium/src/chrome/common/ipc_channel_win.cc, line 341
[Child 7652, Chrome_ChildThread] WARNING: pipe error: 109: file z:/task_1562356069/build/src/ipc/chromium/src/chrome/common/ipc_channel_win.cc, line 341
[Child 7652, Chrome_ChildThread] WARNING: pipe error: 109: file z:/task_1562356069/build/src/ipc/chromium/src/chrome/common/ipc_channel_win.cc, line 341
1563197021907	mozrunner::runner	INFO	Running command: "C:\\Program Files (x86)\\Mozilla Firefox\\firefox.exe" "-marionette" "-foreground" "-no-remote" "-profile" "C:\\Users\\vmezin\\AppData\\Local\\Temp\\rust_mozprofile.pRiWask1AjAB"
1563197022608	addons.webextension.screenshots@mozilla.org	WARN	Loading extension 'screenshots@mozilla.org': Reading manifest: Invalid extension permission: mozillaAddons
1563197022609	addons.webextension.screenshots@mozilla.org	WARN	Loading extension 'screenshots@mozilla.org': Reading manifest: Invalid extension permission: telemetry
1563197022609	addons.webextension.screenshots@mozilla.org	WARN	Loading extension 'screenshots@mozilla.org': Reading manifest: Invalid extension permission: resource://pdf.js/
1563197022609	addons.webextension.screenshots@mozilla.org	WARN	Loading extension 'screenshots@mozilla.org': Reading manifest: Invalid extension permission: about:reader*
1563197025936	Marionette	INFO	Listening on port 55025
1563197026334	Marionette	WARN	TLS certificate errors will be ignored for this session
1563197036298	Marionette	INFO	Stopped listening on port 55025
[Child 4776, Chrome_ChildThread] WARNING: pipe error: 109: file z:/task_1562356069/build/src/ipc/chromium/src/chrome/common/ipc_channel_win.cc, line 341
[Child 664, Chrome_ChildThread] WARNING: pipe error: 109: file z:/task_1562356069/build/src/ipc/chromium/src/chrome/common/ipc_channel_win.cc, line 341
[Child 664, Chrome_ChildThread] WARNING: pipe error: 109: file z:/task_1562356069/build/src/ipc/chromium/src/chrome/common/ipc_channel_win.cc, line 341
[Child 3948, Chrome_ChildThread] WARNING: pipe error: 109: file z:/task_1562356069/build/src/ipc/chromium/src/chrome/common/ipc_channel_win.cc, line 341
[Child 3948, Chrome_ChildThread] WARNING: pipe error: 109: file